<?xml version="1.0" encoding="UTF-8"?>
<testng-results ignored="0" total="3" passed="3" failed="0" skipped="0">
  <reporter-output>
  </reporter-output>
  <suite started-at="2021-07-13T10:29:47Z" name="Default suite" finished-at="2021-07-13T10:30:37Z" duration-ms="49362">
    <groups>
    </groups>
    <test started-at="2021-07-13T10:29:47Z" name="Default test" finished-at="2021-07-13T10:30:37Z" duration-ms="49362">
      <class name="testngSteps.TestngSteps">
        <test-method is-config="true" signature="launchApplication()[pri:0, instance:testngSteps.TestngSteps@2d778add]" started-at="2021-07-13T10:29:49Z" name="launchApplication" finished-at="2021-07-13T10:29:59Z" duration-ms="10241" status="PASS">
          <reporter-output>
          </reporter-output>
        </test-method> <!-- launchApplication -->
        <test-method signature="SearchProduct(java.lang.String)[pri:1, instance:testngSteps.TestngSteps@2d778add]" started-at="2021-07-13T10:29:59Z" name="SearchProduct" data-provider="excelData1" finished-at="2021-07-13T10:30:07Z" duration-ms="7703" status="PASS">
          <params>
            <param index="0">
              <value>
                <![CDATA[Canvas]]>
              </value>
            </param>
          </params>
          <reporter-output>
          </reporter-output>
        </test-method> <!-- SearchProduct -->
        <test-method is-config="true" signature="endTest()[pri:0, instance:testngSteps.TestngSteps@2d778add]" started-at="2021-07-13T10:30:07Z" name="endTest" finished-at="2021-07-13T10:30:08Z" duration-ms="1202" status="PASS">
          <reporter-output>
          </reporter-output>
        </test-method> <!-- endTest -->
        <test-method is-config="true" signature="launchApplication()[pri:0, instance:testngSteps.TestngSteps@2d778add]" started-at="2021-07-13T10:30:08Z" name="launchApplication" finished-at="2021-07-13T10:30:16Z" duration-ms="8458" status="PASS">
          <reporter-output>
          </reporter-output>
        </test-method> <!-- launchApplication -->
        <test-method signature="SearchProduct(java.lang.String)[pri:1, instance:testngSteps.TestngSteps@2d778add]" started-at="2021-07-13T10:30:16Z" name="SearchProduct" data-provider="excelData1" finished-at="2021-07-13T10:30:23Z" duration-ms="6516" status="PASS">
          <params>
            <param index="0">
              <value>
                <![CDATA[Water Lily]]>
              </value>
            </param>
          </params>
          <reporter-output>
          </reporter-output>
        </test-method> <!-- SearchProduct -->
        <test-method is-config="true" signature="endTest()[pri:0, instance:testngSteps.TestngSteps@2d778add]" started-at="2021-07-13T10:30:23Z" name="endTest" finished-at="2021-07-13T10:30:24Z" duration-ms="686" status="PASS">
          <reporter-output>
          </reporter-output>
        </test-method> <!-- endTest -->
        <test-method is-config="true" signature="launchApplication()[pri:0, instance:testngSteps.TestngSteps@2d778add]" started-at="2021-07-13T10:30:24Z" name="launchApplication" finished-at="2021-07-13T10:30:32Z" duration-ms="8365" status="PASS">
          <reporter-output>
          </reporter-output>
        </test-method> <!-- launchApplication -->
        <test-method signature="SearchInvalidProduct(java.lang.String)[pri:2, instance:testngSteps.TestngSteps@2d778add]" started-at="2021-07-13T10:30:32Z" name="SearchInvalidProduct" data-provider="excelData2" finished-at="2021-07-13T10:30:36Z" duration-ms="3589" status="PASS">
          <params>
            <param index="0">
              <value>
                <![CDATA[xyz]]>
              </value>
            </param>
          </params>
          <reporter-output>
          </reporter-output>
        </test-method> <!-- SearchInvalidProduct -->
        <test-method is-config="true" signature="endTest()[pri:0, instance:testngSteps.TestngSteps@2d778add]" started-at="2021-07-13T10:30:36Z" name="endTest" finished-at="2021-07-13T10:30:37Z" duration-ms="1225" status="PASS">
          <reporter-output>
          </reporter-output>
        </test-method> <!-- endTest -->
      </class> <!-- testngSteps.TestngSteps -->
    </test> <!-- Default test -->
  </suite> <!-- Default suite -->
</testng-results>
