<?xml version="1.0" encoding="UTF-8"?>
<!-- Generated by org.testng.reporters.JUnitXMLReporter -->
<testsuite ignored="0" hostname="DESKTOP-3N55A0J" failures="0" tests="3" name="Default test" time="49.362" errors="0" timestamp="13 Jul 2021 10:30:37 GMT">
  <testcase classname="testngSteps.TestngSteps" name="SearchProduct" time="7.703"/>
  <testcase classname="testngSteps.TestngSteps" name="SearchProduct" time="6.516"/>
  <testcase classname="testngSteps.TestngSteps" name="SearchInvalidProduct" time="3.589"/>
</testsuite> <!-- Default test -->
